<?xml version="1.0" encoding="UTF-8"?>
<!-- Generated by org.testng.reporters.JUnitReportReporter -->
<testsuite skipped="0" hostname="CSCINDAF026575" name="com.dxc.Nauktest.testScripts.Naukriupdate" tests="1" failures="0" timestamp="22 Jul 2017 14:46:22 GMT" time="14.012" errors="0">
  <testcase name="naukriUpdateprof" time="14.012" classname="com.dxc.Nauktest.testScripts.Naukriupdate"/>
</testsuite> <!-- com.dxc.Nauktest.testScripts.Naukriupdate -->
